<?xml version="1.0" encoding="UTF-8"?>
<testng-results skipped="0" failed="0" ignored="0" total="1" passed="1">
  <reporter-output>
  </reporter-output>
  <suite name="Default suite" duration-ms="1149" started-at="2022-09-05T10:16:07 IST" finished-at="2022-09-05T10:16:08 IST">
    <groups>
    </groups>
    <test name="Default test" duration-ms="1149" started-at="2022-09-05T10:16:07 IST" finished-at="2022-09-05T10:16:08 IST">
      <class name="project_1.C">
        <test-method status="PASS" signature="saveLead(java.lang.Object,java.lang.Object,java.lang.Object,java.lang.Object)[pri:0, instance:project_1.C@3cb1ffe6]" name="saveLead" duration-ms="1119" started-at="2022-09-05T10:16:07 IST" data-provider="getData" finished-at="2022-09-05T10:16:08 IST">
          <params>
            <param index="0">
              <value>
                <![CDATA[amit]]>
              </value>
            </param>
            <param index="1">
              <value>
                <![CDATA[lala]]>
              </value>
            </param>
            <param index="2">
              <value>
                <![CDATA[al@gmail.com]]>
              </value>
            </param>
            <param index="3">
              <value>
                <![CDATA[1111111111]]>
              </value>
            </param>
          </params>
          <reporter-output>
          </reporter-output>
        </test-method> <!-- saveLead -->
      </class> <!-- project_1.C -->
    </test> <!-- Default test -->
  </suite> <!-- Default suite -->
</testng-results>
